This is pdfTeX, Version 3.14159265-2.6-1.40.16 (TeX Live 2015) (preloaded format=pdflatex 2015.11.21)  21 JAN 2016 10:45
entering extended mode
 restricted \write18 enabled.
 file:line:error style messages enabled.
 %&-line parsing enabled.
**RASD.tex
(./RASD.tex
LaTeX2e <2015/01/01>
Babel <3.9l> and hyphenation patterns for 79 languages loaded.
(/usr/local/texlive/2015/texmf-dist/tex/latex/base/report.cls
Document Class: report 2014/09/29 v1.4h Standard LaTeX document class
(/usr/local/texlive/2015/texmf-dist/tex/latex/base/size12.clo
File: size12.clo 2014/09/29 v1.4h Standard LaTeX file (size option)
)
\c@part=\count79
\c@chapter=\count80
\c@section=\count81
\c@subsection=\count82
\c@subsubsection=\count83
\c@paragraph=\count84
\c@subparagraph=\count85
\c@figure=\count86
\c@table=\count87
\abovecaptionskip=\skip41
\belowcaptionskip=\skip42
\bibindent=\dimen102
)
(/usr/local/texlive/2015/texmf-dist/tex/latex/geometry/geometry.sty
Package: geometry 2010/09/12 v5.6 Page Geometry

(/usr/local/texlive/2015/texmf-dist/tex/latex/graphics/keyval.sty
Package: keyval 2014/10/28 v1.15 key=value parser (DPC)
\KV@toks@=\toks14
)
(/usr/local/texlive/2015/texmf-dist/tex/generic/oberdiek/ifpdf.sty
Package: ifpdf 2011/01/30 v2.3 Provides the ifpdf switch (HO)
Package ifpdf Info: pdfTeX in PDF mode is detected.
)
(/usr/local/texlive/2015/texmf-dist/tex/generic/oberdiek/ifvtex.sty
Package: ifvtex 2010/03/01 v1.5 Detect VTeX and its facilities (HO)
Package ifvtex Info: VTeX not detected.
)
(/usr/local/texlive/2015/texmf-dist/tex/generic/ifxetex/ifxetex.sty
Package: ifxetex 2010/09/12 v0.6 Provides ifxetex conditional
)
\Gm@cnth=\count88
\Gm@cntv=\count89
\c@Gm@tempcnt=\count90
\Gm@bindingoffset=\dimen103
\Gm@wd@mp=\dimen104
\Gm@odd@mp=\dimen105
\Gm@even@mp=\dimen106
\Gm@layoutwidth=\dimen107
\Gm@layoutheight=\dimen108
\Gm@layouthoffset=\dimen109
\Gm@layoutvoffset=\dimen110
\Gm@dimlist=\toks15
)
(/usr/local/texlive/2015/texmf-dist/tex/latex/graphics/graphicx.sty
Package: graphicx 2014/10/28 v1.0g Enhanced LaTeX Graphics (DPC,SPQR)

(/usr/local/texlive/2015/texmf-dist/tex/latex/graphics/graphics.sty
Package: graphics 2014/10/28 v1.0p Standard LaTeX Graphics (DPC,SPQR)

(/usr/local/texlive/2015/texmf-dist/tex/latex/graphics/trig.sty
Package: trig 1999/03/16 v1.09 sin cos tan (DPC)
)
(/usr/local/texlive/2015/texmf-dist/tex/latex/latexconfig/graphics.cfg
File: graphics.cfg 2010/04/23 v1.9 graphics configuration of TeX Live
)
Package graphics Info: Driver file: pdftex.def on input line 94.

(/usr/local/texlive/2015/texmf-dist/tex/latex/pdftex-def/pdftex.def
File: pdftex.def 2011/05/27 v0.06d Graphics/color for pdfTeX

(/usr/local/texlive/2015/texmf-dist/tex/generic/oberdiek/infwarerr.sty
Package: infwarerr 2010/04/08 v1.3 Providing info/warning/error messages (HO)
)
(/usr/local/texlive/2015/texmf-dist/tex/generic/oberdiek/ltxcmds.sty
Package: ltxcmds 2011/11/09 v1.22 LaTeX kernel commands for general use (HO)
)
\Gread@gobject=\count91
))
\Gin@req@height=\dimen111
\Gin@req@width=\dimen112
)
(/usr/local/texlive/2015/texmf-dist/tex/latex/cite/cite.sty
LaTeX Info: Redefining \cite on input line 302.
LaTeX Info: Redefining \nocite on input line 332.
Package: cite 2015/02/27  v 5.5
)
(/usr/local/texlive/2015/texmf-dist/tex/latex/hyperref/hyperref.sty
Package: hyperref 2012/11/06 v6.83m Hypertext links for LaTeX

(/usr/local/texlive/2015/texmf-dist/tex/generic/oberdiek/hobsub-hyperref.sty
Package: hobsub-hyperref 2012/05/28 v1.13 Bundle oberdiek, subset hyperref (HO)


(/usr/local/texlive/2015/texmf-dist/tex/generic/oberdiek/hobsub-generic.sty
Package: hobsub-generic 2012/05/28 v1.13 Bundle oberdiek, subset generic (HO)
Package: hobsub 2012/05/28 v1.13 Construct package bundles (HO)
Package hobsub Info: Skipping package `infwarerr' (already loaded).
Package hobsub Info: Skipping package `ltxcmds' (already loaded).
Package: ifluatex 2010/03/01 v1.3 Provides the ifluatex switch (HO)
Package ifluatex Info: LuaTeX not detected.
Package hobsub Info: Skipping package `ifvtex' (already loaded).
Package: intcalc 2007/09/27 v1.1 Expandable calculations with integers (HO)
Package hobsub Info: Skipping package `ifpdf' (already loaded).
Package: etexcmds 2011/02/16 v1.5 Avoid name clashes with e-TeX commands (HO)
Package etexcmds Info: Could not find \expanded.
(etexcmds)             That can mean that you are not using pdfTeX 1.50 or
(etexcmds)             that some package has redefined \expanded.
(etexcmds)             In the latter case, load this package earlier.
Package: kvsetkeys 2012/04/25 v1.16 Key value parser (HO)
Package: kvdefinekeys 2011/04/07 v1.3 Define keys (HO)
Package: pdftexcmds 2011/11/29 v0.20 Utility functions of pdfTeX for LuaTeX (HO
)
Package pdftexcmds Info: LuaTeX not detected.
Package pdftexcmds Info: \pdf@primitive is available.
Package pdftexcmds Info: \pdf@ifprimitive is available.
Package pdftexcmds Info: \pdfdraftmode found.
Package: pdfescape 2011/11/25 v1.13 Implements pdfTeX's escape features (HO)
Package: bigintcalc 2012/04/08 v1.3 Expandable calculations on big integers (HO
)
Package: bitset 2011/01/30 v1.1 Handle bit-vector datatype (HO)
Package: uniquecounter 2011/01/30 v1.2 Provide unlimited unique counter (HO)
)
Package hobsub Info: Skipping package `hobsub' (already loaded).
Package: letltxmacro 2010/09/02 v1.4 Let assignment for LaTeX macros (HO)
Package: hopatch 2012/05/28 v1.2 Wrapper for package hooks (HO)
Package: xcolor-patch 2011/01/30 xcolor patch
Package: atveryend 2011/06/30 v1.8 Hooks at the very end of document (HO)
Package atveryend Info: \enddocument detected (standard20110627).
Package: atbegshi 2011/10/05 v1.16 At begin shipout hook (HO)
Package: refcount 2011/10/16 v3.4 Data extraction from label references (HO)
Package: hycolor 2011/01/30 v1.7 Color options for hyperref/bookmark (HO)
)
(/usr/local/texlive/2015/texmf-dist/tex/latex/oberdiek/auxhook.sty
Package: auxhook 2011/03/04 v1.3 Hooks for auxiliary files (HO)
)
(/usr/local/texlive/2015/texmf-dist/tex/latex/oberdiek/kvoptions.sty
Package: kvoptions 2011/06/30 v3.11 Key value format for package options (HO)
)
\@linkdim=\dimen113
\Hy@linkcounter=\count92
\Hy@pagecounter=\count93

(/usr/local/texlive/2015/texmf-dist/tex/latex/hyperref/pd1enc.def
File: pd1enc.def 2012/11/06 v6.83m Hyperref: PDFDocEncoding definition (HO)
)
\Hy@SavedSpaceFactor=\count94

(/usr/local/texlive/2015/texmf-dist/tex/latex/latexconfig/hyperref.cfg
File: hyperref.cfg 2002/06/06 v1.2 hyperref configuration of TeXLive
)
Package hyperref Info: Hyper figures OFF on input line 4443.
Package hyperref Info: Link nesting OFF on input line 4448.
Package hyperref Info: Hyper index ON on input line 4451.
Package hyperref Info: Plain pages OFF on input line 4458.
Package hyperref Info: Backreferencing OFF on input line 4463.
Package hyperref Info: Implicit mode ON; LaTeX internals redefined.
Package hyperref Info: Bookmarks ON on input line 4688.
\c@Hy@tempcnt=\count95

(/usr/local/texlive/2015/texmf-dist/tex/latex/url/url.sty
\Urlmuskip=\muskip10
Package: url 2013/09/16  ver 3.4  Verb mode for urls, etc.
)
LaTeX Info: Redefining \url on input line 5041.
\XeTeXLinkMargin=\dimen114
\Fld@menulength=\count96
\Field@Width=\dimen115
\Fld@charsize=\dimen116
Package hyperref Info: Hyper figures OFF on input line 6295.
Package hyperref Info: Link nesting OFF on input line 6300.
Package hyperref Info: Hyper index ON on input line 6303.
Package hyperref Info: backreferencing OFF on input line 6310.
Package hyperref Info: Link coloring OFF on input line 6315.
Package hyperref Info: Link coloring with OCG OFF on input line 6320.
Package hyperref Info: PDF/A mode OFF on input line 6325.
LaTeX Info: Redefining \ref on input line 6365.
LaTeX Info: Redefining \pageref on input line 6369.
\Hy@abspage=\count97
\c@Item=\count98
\c@Hfootnote=\count99
)

Package hyperref Message: Driver (autodetected): hpdftex.

(/usr/local/texlive/2015/texmf-dist/tex/latex/hyperref/hpdftex.def
File: hpdftex.def 2012/11/06 v6.83m Hyperref driver for pdfTeX
\Fld@listcount=\count100
\c@bookmark@seq@number=\count101

(/usr/local/texlive/2015/texmf-dist/tex/latex/oberdiek/rerunfilecheck.sty
Package: rerunfilecheck 2011/04/15 v1.7 Rerun checks for auxiliary files (HO)
Package uniquecounter Info: New unique counter `rerunfilecheck' on input line 2
82.
)
\Hy@SectionHShift=\skip43
)
(/usr/local/texlive/2015/texmf-dist/tex/latex/base/fontenc.sty
Package: fontenc 2005/09/27 v1.99g Standard LaTeX package

(/usr/local/texlive/2015/texmf-dist/tex/latex/base/t1enc.def
File: t1enc.def 2005/09/27 v1.99g Standard LaTeX file
LaTeX Font Info:    Redeclaring font encoding T1 on input line 48.
))
(/usr/local/texlive/2015/texmf-dist/tex/latex/base/inputenc.sty
Package: inputenc 2015/03/17 v1.2c Input encoding file
\inpenc@prehook=\toks16
\inpenc@posthook=\toks17

(/usr/local/texlive/2015/texmf-dist/tex/latex/base/latin1.def
File: latin1.def 2015/03/17 v1.2c Input encoding file
))
(/usr/local/texlive/2015/texmf-dist/tex/generic/babel/babel.sty
Package: babel 2014/09/25 3.9l The Babel package

(/usr/local/texlive/2015/texmf-dist/tex/generic/babel-english/english.ldf
Language: english 2012/08/20 v3.3p English support from the babel system

(/usr/local/texlive/2015/texmf-dist/tex/generic/babel/babel.def
File: babel.def 2014/09/25 3.9l Babel common definitions
\babel@savecnt=\count102
\U@D=\dimen117
)
\l@canadian = a dialect from \language\l@american 
\l@australian = a dialect from \language\l@british 
\l@newzealand = a dialect from \language\l@british 
))
(/usr/local/texlive/2015/texmf-dist/tex/latex/oberdiek/pdflscape.sty
Package: pdflscape 2008/08/11 v0.10 Display of landscape pages in PDF (HO)

(/usr/local/texlive/2015/texmf-dist/tex/latex/graphics/lscape.sty
Package: lscape 2000/10/22 v3.01 Landscape Pages (DPC)
)
Package pdflscape Info: Auto-detected driver: pdftex on input line 80.
)
(/usr/local/texlive/2015/texmf-dist/tex/latex/xcolor/xcolor.sty
Package: xcolor 2007/01/21 v2.11 LaTeX color extensions (UK)

(/usr/local/texlive/2015/texmf-dist/tex/latex/latexconfig/color.cfg
File: color.cfg 2007/01/18 v1.5 color configuration of teTeX/TeXLive
)
Package xcolor Info: Driver file: pdftex.def on input line 225.
Package xcolor Info: Model `cmy' substituted by `cmy0' on input line 1337.
Package xcolor Info: Model `hsb' substituted by `rgb' on input line 1341.
Package xcolor Info: Model `RGB' extended on input line 1353.
Package xcolor Info: Model `HTML' substituted by `rgb' on input line 1355.
Package xcolor Info: Model `Hsb' substituted by `hsb' on input line 1356.
Package xcolor Info: Model `tHsb' substituted by `hsb' on input line 1357.
Package xcolor Info: Model `HSB' substituted by `hsb' on input line 1358.
Package xcolor Info: Model `Gray' substituted by `gray' on input line 1359.
Package xcolor Info: Model `wave' substituted by `hsb' on input line 1360.

(/usr/local/texlive/2015/texmf-dist/tex/latex/graphics/dvipsnam.def
File: dvipsnam.def 2014/10/14 v3.0j Driver-dependent file (DPC,SPQR)
))
(/usr/local/texlive/2015/texmf-dist/tex/latex/listings/listings.sty
\lst@mode=\count103
\lst@gtempboxa=\box26
\lst@token=\toks18
\lst@length=\count104
\lst@currlwidth=\dimen118
\lst@column=\count105
\lst@pos=\count106
\lst@lostspace=\dimen119
\lst@width=\dimen120
\lst@newlines=\count107
\lst@lineno=\count108
\lst@maxwidth=\dimen121

(/usr/local/texlive/2015/texmf-dist/tex/latex/listings/lstmisc.sty
File: lstmisc.sty 2014/09/06 1.5e (Carsten Heinz)
\c@lstnumber=\count109
\lst@skipnumbers=\count110
\lst@framebox=\box27
)
(/usr/local/texlive/2015/texmf-dist/tex/latex/listings/listings.cfg
File: listings.cfg 2014/09/06 1.5e listings configuration
))
Package: listings 2014/09/06 1.5e (Carsten Heinz)

(./alloy-style.sty) (./RASD.aux)
\openout1 = `RASD.aux'.

LaTeX Font Info:    Checking defaults for OML/cmm/m/it on input line 39.
LaTeX Font Info:    ... okay on input line 39.
LaTeX Font Info:    Checking defaults for T1/cmr/m/n on input line 39.
LaTeX Font Info:    ... okay on input line 39.
LaTeX Font Info:    Checking defaults for OT1/cmr/m/n on input line 39.
LaTeX Font Info:    ... okay on input line 39.
LaTeX Font Info:    Checking defaults for OMS/cmsy/m/n on input line 39.
LaTeX Font Info:    ... okay on input line 39.
LaTeX Font Info:    Checking defaults for OMX/cmex/m/n on input line 39.
LaTeX Font Info:    ... okay on input line 39.
LaTeX Font Info:    Checking defaults for U/cmr/m/n on input line 39.
LaTeX Font Info:    ... okay on input line 39.
LaTeX Font Info:    Checking defaults for PD1/pdf/m/n on input line 39.
LaTeX Font Info:    ... okay on input line 39.

*geometry* driver: auto-detecting
*geometry* detected driver: pdftex
*geometry* verbose mode - [ preamble ] result:
* driver: pdftex
* paper: a4paper
* layout: <same size as paper>
* layoutoffset:(h,v)=(0.0pt,0.0pt)
* modes: 
* h-part:(L,W,R)=(99.58464pt, 398.3386pt, 99.58464pt)
* v-part:(T,H,B)=(99.58464pt, 645.87756pt, 99.58464pt)
* \paperwidth=597.50787pt
* \paperheight=845.04684pt
* \textwidth=398.3386pt
* \textheight=645.87756pt
* \oddsidemargin=27.31465pt
* \evensidemargin=27.31465pt
* \topmargin=-9.68535pt
* \headheight=12.0pt
* \headsep=25.0pt
* \topskip=12.0pt
* \footskip=30.0pt
* \marginparwidth=35.0pt
* \marginparsep=10.0pt
* \columnsep=10.0pt
* \skip\footins=10.8pt plus 4.0pt minus 2.0pt
* \hoffset=0.0pt
* \voffset=0.0pt
* \mag=1000
* \@twocolumnfalse
* \@twosidefalse
* \@mparswitchfalse
* \@reversemarginfalse
* (1in=72.27pt=25.4mm, 1cm=28.453pt)

(/usr/local/texlive/2015/texmf-dist/tex/context/base/supp-pdf.mkii
[Loading MPS to PDF converter (version 2006.09.02).]
\scratchcounter=\count111
\scratchdimen=\dimen122
\scratchbox=\box28
\nofMPsegments=\count112
\nofMParguments=\count113
\everyMPshowfont=\toks19
\MPscratchCnt=\count114
\MPscratchDim=\dimen123
\MPnumerator=\count115
\makeMPintoPDFobject=\count116
\everyMPtoPDFconversion=\toks20
) (/usr/local/texlive/2015/texmf-dist/tex/latex/oberdiek/epstopdf-base.sty
Package: epstopdf-base 2010/02/09 v2.5 Base part for package epstopdf

(/usr/local/texlive/2015/texmf-dist/tex/latex/oberdiek/grfext.sty
Package: grfext 2010/08/19 v1.1 Manage graphics extensions (HO)
)
Package grfext Info: Graphics extension search list:
(grfext)             [.png,.pdf,.jpg,.mps,.jpeg,.jbig2,.jb2,.PNG,.PDF,.JPG,.JPE
G,.JBIG2,.JB2,.eps]
(grfext)             \AppendGraphicsExtensions on input line 452.

(/usr/local/texlive/2015/texmf-dist/tex/latex/latexconfig/epstopdf-sys.cfg
File: epstopdf-sys.cfg 2010/07/13 v1.3 Configuration of (r)epstopdf for TeX Liv
e
))
\AtBeginShipoutBox=\box29
Package hyperref Info: Link coloring OFF on input line 39.

(/usr/local/texlive/2015/texmf-dist/tex/latex/hyperref/nameref.sty
Package: nameref 2012/10/27 v2.43 Cross-referencing by name of section

(/usr/local/texlive/2015/texmf-dist/tex/generic/oberdiek/gettitlestring.sty
Package: gettitlestring 2010/12/03 v1.4 Cleanup title references (HO)
)
\c@section@level=\count117
)
LaTeX Info: Redefining \ref on input line 39.
LaTeX Info: Redefining \pageref on input line 39.
LaTeX Info: Redefining \nameref on input line 39.

(./RASD.out) (./RASD.out)
\@outlinefile=\write3
\openout3 = `RASD.out'.

\c@lstlisting=\count118

<cpt/img/polimi.jpg, id=152, 225.84375pt x 225.84375pt>
File: cpt/img/polimi.jpg Graphic file (type jpg)

<use cpt/img/polimi.jpg>
Package pdftex.def Info: cpt/img/polimi.jpg used on input line 56.
(pdftex.def)             Requested size: 85.35826pt x 85.35973pt.
LaTeX Font Info:    External font `cmex10' loaded for size
(Font)              <17.28> on input line 72.
LaTeX Font Info:    External font `cmex10' loaded for size
(Font)              <12> on input line 72.

Overfull \hbox (12.0pt too wide) in paragraph at lines 72--75
 [] 
 []


Overfull \hbox (103.67258pt too wide) in paragraph at lines 80--86
 [] 
 []

[1

{/usr/local/texlive/2015/texmf-var/fonts/map/pdftex/updmap/pdftex.map} <./cpt/i
mg/polimi.jpg>] (./RASD.toc
LaTeX Font Info:    External font `cmex10' loaded for size
(Font)              <8> on input line 3.
LaTeX Font Info:    External font `cmex10' loaded for size
(Font)              <6> on input line 3.
pdfTeX warning (ext4): destination with the same identifier (name{page.1}) has 
been already used, duplicate ignored
<to be read again> 
                   \relax 
l.32 ...{\numberline {5}UML Models}{25}{chapter.5}
                                                   [1


])
\tf@toc=\write4
\openout4 = `RASD.toc'.

 [2] (./RASD.lof)
\tf@lof=\write5
\openout5 = `RASD.lof'.


[3


] (./RASD.lot)
\tf@lot=\write6
\openout6 = `RASD.lot'.

 [4


] (./cpt/Introduction.tex
Chapter 1.
[5


] [6]
Underfull \hbox (badness 10000) in paragraph at lines 31--32

 []


Underfull \hbox (badness 10000) in paragraph at lines 41--42

 []


Underfull \hbox (badness 10000) in paragraph at lines 50--51

 []

[7]
LaTeX Font Info:    Try loading font information for OMS+cmr on input line 68.
 (/usr/local/texlive/2015/texmf-dist/tex/latex/base/omscmr.fd
File: omscmr.fd 2014/09/29 v2.5h Standard LaTeX font definitions
)
LaTeX Font Info:    Font shape `OMS/cmr/m/n' in size <12> not available
(Font)              Font shape `OMS/cmsy/m/n' tried instead on input line 68.
 [8] [9])
[10] (./cpt/ActorsIdentifying.tex
Chapter 2.
) [11


] (./cpt/SpecificRequirements.tex
Chapter 3.
[12


] [13]
Underfull \hbox (badness 10000) in paragraph at lines 77--81

 []

[14] <cpt/img/Login.png, id=335, 564.1878pt x 313.8927pt>
File: cpt/img/Login.png Graphic file (type png)

<use cpt/img/Login.png>
Package pdftex.def Info: cpt/img/Login.png used on input line 90.
(pdftex.def)             Requested size: 398.3386pt x 221.62964pt.
 [15 <./cpt/img/Login.png>]
<cpt/img/RegForm.png, id=344, 585.387pt x 380.3811pt>
File: cpt/img/RegForm.png Graphic file (type png)

<use cpt/img/RegForm.png>
Package pdftex.def Info: cpt/img/RegForm.png used on input line 101.
(pdftex.def)             Requested size: 398.3386pt x 258.84145pt.
 [16

 <./cpt/img/RegForm.png>]
<cpt/img/PassHome.png, id=352, 580.8099pt x 397.485pt>
File: cpt/img/PassHome.png Graphic file (type png)

<use cpt/img/PassHome.png>
Package pdftex.def Info: cpt/img/PassHome.png used on input line 112.
(pdftex.def)             Requested size: 398.3386pt x 272.61522pt.
 [17

 <./cpt/img/PassHome.png>]
<cpt/img/PassReq.png, id=361, 580.8099pt x 380.3811pt>
File: cpt/img/PassReq.png Graphic file (type png)

<use cpt/img/PassReq.png>
Package pdftex.def Info: cpt/img/PassReq.png used on input line 123.
(pdftex.def)             Requested size: 398.3386pt x 260.8845pt.

<cpt/img/PassRes.png, id=362, 580.3281pt x 387.6081pt>
File: cpt/img/PassRes.png Graphic file (type png)

<use cpt/img/PassRes.png>
Package pdftex.def Info: cpt/img/PassRes.png used on input line 130.
(pdftex.def)             Requested size: 398.3386pt x 266.05998pt.
 [18

 <./cpt/img/PassReq.png>] [19 <./cpt/img/PassRes.png>] <cpt/img/DriverHome.png,
 id=376, 903.375pt x 617.73643pt>
File: cpt/img/DriverHome.png Graphic file (type png)

<use cpt/img/DriverHome.png>
Package pdftex.def Info: cpt/img/DriverHome.png used on input line 141.
(pdftex.def)             Requested size: 398.3386pt x 272.38927pt.
 [20

 <./cpt/img/DriverHome.png>]
<cpt/img/AccPage.png, id=384, 1935.80357pt x 1324.95pt>
File: cpt/img/AccPage.png Graphic file (type png)

<use cpt/img/AccPage.png>
Package pdftex.def Info: cpt/img/AccPage.png used on input line 152.
(pdftex.def)             Requested size: 398.3386pt x 272.62737pt.
) [21

 <./cpt/img/AccPage.png>]
(./cpt/ScenarioIdentifying.tex
Chapter 4.
[22


] [23]) [24] (./cpt/UMLModels.tex
Chapter 5.
<cpt/img/UseCase.png, id=405, 794.97pt x 523.9575pt>
File: cpt/img/UseCase.png Graphic file (type png)
 <use cpt/img/UseCase.png>
Package pdftex.def Info: cpt/img/UseCase.png used on input line 8.
(pdftex.def)             Requested size: 398.3386pt x 262.54575pt.

Overfull \hbox (23.99998pt too wide) in paragraph at lines 19--46
 [] 
 []

[25


 <./cpt/img/UseCase.png>] [26]
Overfull \hbox (23.99998pt too wide) in paragraph at lines 55--82
 [] 
 []

[27

]
Overfull \hbox (23.99998pt too wide) in paragraph at lines 91--119
 [] 
 []

[28

]
Overfull \hbox (23.99998pt too wide) in paragraph at lines 128--156
 [] 
 []

[29

]
Overfull \hbox (23.99998pt too wide) in paragraph at lines 165--191
 [] 
 []

[30

]
Overfull \hbox (23.99998pt too wide) in paragraph at lines 200--226
 [] 
 []

[31

]
Overfull \hbox (23.99998pt too wide) in paragraph at lines 235--260
 [] 
 []

[32

]
Overfull \hbox (23.99998pt too wide) in paragraph at lines 269--293
 [] 
 []

[33

]
Overfull \hbox (23.99998pt too wide) in paragraph at lines 302--326
 [] 
 []

[34

]
Overfull \hbox (23.99998pt too wide) in paragraph at lines 335--359
 [] 
 []

[35

]
Overfull \hbox (23.99998pt too wide) in paragraph at lines 368--392
 [] 
 []

[36

]
Overfull \hbox (23.99998pt too wide) in paragraph at lines 401--426
 [] 
 []

[37

]
Overfull \hbox (23.99998pt too wide) in paragraph at lines 435--459
 [] 
 []

[38

] <cpt/img/ClassDiagram.png, id=480, 767.9892pt x 441.0879pt>
File: cpt/img/ClassDiagram.png Graphic file (type png)

<use cpt/img/ClassDiagram.png>
Package pdftex.def Info: cpt/img/ClassDiagram.png used on input line 469.
(pdftex.def)             Requested size: 597.50787pt x 343.19241pt.


LaTeX Warning: `h' float specifier changed to `ht'.

[39

] [40 <./cpt/img/ClassDiagram.png>]
<cpt/img/SequenceLogin.png, id=490, 460.8417pt x 569.0058pt>
File: cpt/img/SequenceLogin.png Graphic file (type png)

<use cpt/img/SequenceLogin.png>
Package pdftex.def Info: cpt/img/SequenceLogin.png used on input line 481.
(pdftex.def)             Requested size: 358.50229pt x 442.66798pt.
 [41

 <./cpt/img/SequenceLogin.png>]
<cpt/img/SequenceRequest.png, id=497, 523.9575pt x 759.0759pt>
File: cpt/img/SequenceRequest.png Graphic file (type png)

<use cpt/img/SequenceRequest.png>
Package pdftex.def Info: cpt/img/SequenceRequest.png used on input line 490.
(pdftex.def)             Requested size: 318.67209pt x 461.68047pt.
 [42

 <./cpt/img/SequenceRequest.png>]
<cpt/img/SequenceReserve.png, id=505, 523.9575pt x 759.0759pt>
File: cpt/img/SequenceReserve.png Graphic file (type png)

<use cpt/img/SequenceReserve.png>
Package pdftex.def Info: cpt/img/SequenceReserve.png used on input line 499.
(pdftex.def)             Requested size: 318.67209pt x 461.68047pt.
 [43

 <./cpt/img/SequenceReserve.png>]
<cpt/img/SequenceModify.png, id=512, 406.6392pt x 413.3844pt>
File: cpt/img/SequenceModify.png Graphic file (type png)

<use cpt/img/SequenceModify.png>
Package pdftex.def Info: cpt/img/SequenceModify.png used on input line 508.
(pdftex.def)             Requested size: 398.3386pt x 404.95624pt.
 [44

 <./cpt/img/SequenceModify.png>]
<cpt/img/StateChartPass.png, id=520, 569.2467pt x 355.0866pt>
File: cpt/img/StateChartPass.png Graphic file (type png)

<use cpt/img/StateChartPass.png>
Package pdftex.def Info: cpt/img/StateChartPass.png used on input line 520.
(pdftex.def)             Requested size: 398.3386pt x 248.48846pt.
 [45

 <./cpt/img/StateChartPass.png>]
<cpt/img/StateChartDriver.png, id=526, 560.0925pt x 309.7974pt>
File: cpt/img/StateChartDriver.png Graphic file (type png)

<use cpt/img/StateChartDriver.png>
Package pdftex.def Info: cpt/img/StateChartDriver.png used on input line 529.
(pdftex.def)             Requested size: 398.3386pt x 220.33585pt.
) [46

 <./cpt/img/StateChartDriver.png>]
(./cpt/AlloyModeling.tex
Chapter 6.
Package hyperref Info: bookmark level for unknown lstlisting defaults to 0 on i
nput line 5.
LaTeX Font Info:    Try loading font information for T1+cmtt on input line 5.
(/usr/local/texlive/2015/texmf-dist/tex/latex/base/t1cmtt.fd
File: t1cmtt.fd 2014/09/29 v2.5h Standard LaTeX font definitions
)
(./alloy_modeling/myTaxiServiceModel-v5.als
LaTeX Font Info:    External font `cmex10' loaded for size
(Font)              <5> on input line 1.
LaTeX Font Info:    Font shape `T1/cmtt/bx/n' in size <8> not available
(Font)              Font shape `T1/cmtt/m/n' tried instead on input line 3.
 [47


] [48] [49])
<cpt/img/Show.png, id=683, 1734.48pt x 891.33pt>
File: cpt/img/Show.png Graphic file (type png)
 <use cpt/img/Show.png>
Package pdftex.def Info: cpt/img/Show.png used on input line 11.
(pdftex.def)             Requested size: 597.50789pt x 307.04677pt.

[50] [51 <./cpt/img/Show.png>]
<cpt/img/ShowRides.png, id=737, 1880.02374pt x 926.46124pt>
File: cpt/img/ShowRides.png Graphic file (type png)

<use cpt/img/ShowRides.png>
Package pdftex.def Info: cpt/img/ShowRides.png used on input line 18.
(pdftex.def)             Requested size: 597.50789pt x 294.43797pt.
 [52 <./cpt/img/ShowRides.png>])
(./cpt/UsedTools.tex
Chapter 7.
[53




]) [54]
Package atveryend Info: Empty hook `BeforeClearDocument' on input line 127.
Package atveryend Info: Empty hook `AfterLastShipout' on input line 127.
 (./RASD.aux)
Package atveryend Info: Executing hook `AtVeryEndDocument' on input line 127.
Package atveryend Info: Executing hook `AtEndAfterFileList' on input line 127.
Package rerunfilecheck Info: File `RASD.out' has not changed.
(rerunfilecheck)             Checksum: D6833B557D13E748A90B71ECB85FCFF8;2222.
Package atveryend Info: Empty hook `AtVeryVeryEnd' on input line 127.
 ) 
Here is how much of TeX's memory you used:
 9074 strings out of 493089
 128851 string characters out of 6134841
 420534 words of memory out of 5000000
 12075 multiletter control sequences out of 15000+600000
 17789 words of font info for 41 fonts, out of 8000000 for 9000
 1141 hyphenation exceptions out of 8191
 35i,10n,43p,775b,1981s stack positions out of 5000i,500n,10000p,200000b,80000s
{/usr/local/texlive/2015/texmf-dist/fonts/enc/dvips/cm-super/cm-super-t1.enc}
</usr/local/texlive/2015/texmf-dist/fonts/type1/public/amsfonts/cm/cmmi8.pfb></
usr/local/texlive/2015/texmf-dist/fonts/type1/public/amsfonts/cm/cmr8.pfb></usr
/local/texlive/2015/texmf-dist/fonts/type1/public/amsfonts/cm/cmsy10.pfb></usr/
local/texlive/2015/texmf-dist/fonts/type1/public/amsfonts/cm/cmsy8.pfb></usr/lo
cal/texlive/2015/texmf-dist/fonts/type1/public/cm-super/sfbi1200.pfb></usr/loca
l/texlive/2015/texmf-dist/fonts/type1/public/cm-super/sfbx1200.pfb></usr/local/
texlive/2015/texmf-dist/fonts/type1/public/cm-super/sfbx1440.pfb></usr/local/te
xlive/2015/texmf-dist/fonts/type1/public/cm-super/sfbx1728.pfb></usr/local/texl
ive/2015/texmf-dist/fonts/type1/public/cm-super/sfbx2074.pfb></usr/local/texliv
e/2015/texmf-dist/fonts/type1/public/cm-super/sfbx2488.pfb></usr/local/texlive/
2015/texmf-dist/fonts/type1/public/cm-super/sfit0800.pfb></usr/local/texlive/20
15/texmf-dist/fonts/type1/public/cm-super/sfrm0800.pfb></usr/local/texlive/2015
/texmf-dist/fonts/type1/public/cm-super/sfrm1200.pfb></usr/local/texlive/2015/t
exmf-dist/fonts/type1/public/cm-super/sfrm1728.pfb></usr/local/texlive/2015/tex
mf-dist/fonts/type1/public/cm-super/sfti1200.pfb></usr/local/texlive/2015/texmf
-dist/fonts/type1/public/cm-super/sftt0800.pfb>
Output written on RASD.pdf (55 pages, 5130630 bytes).
PDF statistics:
 882 PDF objects out of 1000 (max. 8388607)
 768 compressed objects within 8 object streams
 328 named destinations out of 1000 (max. 500000)
 387 words of extra memory for PDF output out of 10000 (max. 10000000)

