\BOOKMARK [0][-]{chapter.1}{Introduction}{}% 1
\BOOKMARK [1][-]{section.1.1}{Description of the Problem}{chapter.1}% 2
\BOOKMARK [1][-]{section.1.2}{Goals}{chapter.1}% 3
\BOOKMARK [1][-]{section.1.3}{Domain Properties}{chapter.1}% 4
\BOOKMARK [1][-]{section.1.4}{Glossary}{chapter.1}% 5
\BOOKMARK [1][-]{section.1.5}{Assumptions}{chapter.1}% 6
\BOOKMARK [1][-]{section.1.6}{Proposed System}{chapter.1}% 7
\BOOKMARK [1][-]{section.1.7}{Identifying Stakeholders}{chapter.1}% 8
\BOOKMARK [1][-]{section.1.8}{Other Considerations about the System}{chapter.1}% 9
\BOOKMARK [0][-]{chapter.2}{Actors Identyfing}{}% 10
\BOOKMARK [0][-]{chapter.3}{Specific Requirements}{}% 11
\BOOKMARK [1][-]{section.3.1}{Functional Requirements}{chapter.3}% 12
\BOOKMARK [1][-]{section.3.2}{Non Functional Requirements}{chapter.3}% 13
\BOOKMARK [2][-]{subsection.3.2.1}{User Interface}{section.3.2}% 14
\BOOKMARK [2][-]{subsection.3.2.2}{Documentation}{section.3.2}% 15
\BOOKMARK [2][-]{subsection.3.2.3}{Architectural Considerations}{section.3.2}% 16
\BOOKMARK [0][-]{chapter.4}{Scenario Identifying}{}% 17
\BOOKMARK [0][-]{chapter.5}{UML Models}{}% 18
\BOOKMARK [0][-]{chapter.6}{Alloy Modelling}{}% 19
\BOOKMARK [0][-]{chapter.7}{Used Tools}{}% 20
