\BOOKMARK [0][-]{chapter.1}{Introduction}{}% 1
\BOOKMARK [1][-]{section.1.1}{Purpose}{chapter.1}% 2
\BOOKMARK [1][-]{section.1.2}{Scope}{chapter.1}% 3
\BOOKMARK [1][-]{section.1.3}{Definitions, Acronyms, Abbreviations}{chapter.1}% 4
\BOOKMARK [1][-]{section.1.4}{Reference Documents}{chapter.1}% 5
\BOOKMARK [1][-]{section.1.5}{Document Structure}{chapter.1}% 6
\BOOKMARK [0][-]{chapter.2}{Architectural Design}{}% 7
\BOOKMARK [1][-]{section.2.1}{Overview}{chapter.2}% 8
\BOOKMARK [1][-]{section.2.2}{High Level Components and their Interaction}{chapter.2}% 9
\BOOKMARK [1][-]{section.2.3}{Component View}{chapter.2}% 10
\BOOKMARK [2][-]{subsection.2.3.1}{Client Component}{section.2.3}% 11
\BOOKMARK [2][-]{subsection.2.3.2}{Web Component}{section.2.3}% 12
\BOOKMARK [2][-]{subsection.2.3.3}{Business Logic Component}{section.2.3}% 13
\BOOKMARK [2][-]{subsection.2.3.4}{Database Component}{section.2.3}% 14
\BOOKMARK [1][-]{section.2.4}{Deployment View}{chapter.2}% 15
\BOOKMARK [1][-]{section.2.5}{Runtime View}{chapter.2}% 16
\BOOKMARK [1][-]{section.2.6}{Component Interfaces}{chapter.2}% 17
\BOOKMARK [1][-]{section.2.7}{Selected Architectural Styles and Patterns}{chapter.2}% 18
\BOOKMARK [0][-]{chapter.3}{Algorithm Design}{}% 19
\BOOKMARK [0][-]{chapter.4}{User Interface Design}{}% 20
\BOOKMARK [0][-]{chapter.5}{Requirements Traceability}{}% 21
\BOOKMARK [0][-]{chapter.6}{References}{}% 22
\BOOKMARK [1][-]{section.6.1}{External References}{chapter.6}% 23
\BOOKMARK [1][-]{section.6.2}{RASD Modifications}{chapter.6}% 24
